{"clientVersion":"5.8.1","code":"P2002","level":"error","meta":{"modelName":"User","target":"User_email_key"},"name":"PrismaClientKnownRequestError","timestamp":"2024-01-21T17:46:54.983Z"}
{"level":"error","message":"e","timestamp":"2024-01-21T17:47:22.892Z"}
{"clientVersion":"5.8.1","code":"P2002","level":"error","meta":{"modelName":"User","target":"User_email_key"},"name":"PrismaClientKnownRequestError","timestamp":"2024-01-21T17:47:58.964Z"}
{"level":"error","message":"{\"name\":\"PrismaClientKnownRequestError\",\"code\":\"P2002\",\"clientVersion\":\"5.8.1\",\"meta\":{\"modelName\":\"User\",\"target\":\"User_email_key\"}}","timestamp":"2024-01-21T17:48:40.086Z"}
{"level":"error","message":"{\"name\":\"PrismaClientKnownRequestError\",\"code\":\"P2002\",\"clientVersion\":\"5.8.1\",\"meta\":{\"modelName\":\"User\",\"target\":\"User_email_key\"}}","timestamp":"2024-01-21T17:49:11.241Z"}
{"level":"error","message":"{\"name\":\"PrismaClientKnownRequestError\",\"code\":\"P2002\",\"clientVersion\":\"5.8.1\",\"meta\":{\"modelName\":\"User\",\"target\":\"User_email_key\"}}","timestamp":"2024-01-22T07:10:37.270Z"}
{"level":"error","message":"{\"name\":\"PrismaClientKnownRequestError\",\"code\":\"P2002\",\"clientVersion\":\"5.8.1\",\"meta\":{\"modelName\":\"User\",\"target\":\"User_email_key\"}}","timestamp":"2024-01-22T07:40:41.896Z"}
{"level":"error","message":"{\"name\":\"PrismaClientKnownRequestError\",\"code\":\"P2002\",\"clientVersion\":\"5.8.1\",\"meta\":{\"modelName\":\"User\",\"target\":\"User_email_key\"}}","timestamp":"2024-01-22T07:42:30.609Z"}
{"level":"error","message":"{\"name\":\"PrismaClientKnownRequestError\",\"code\":\"P2002\",\"clientVersion\":\"5.8.1\",\"meta\":{\"modelName\":\"User\",\"target\":\"User_userName_key\"}}","timestamp":"2024-01-22T07:43:32.306Z"}
{"level":"error","message":"{\"name\":\"PrismaClientKnownRequestError\",\"code\":\"P2002\",\"clientVersion\":\"5.8.1\",\"meta\":{\"modelName\":\"User\",\"target\":\"User_userName_key\"}}","timestamp":"2024-01-22T07:43:34.426Z"}
{"level":"error","message":"{\"name\":\"PrismaClientKnownRequestError\",\"code\":\"P2002\",\"clientVersion\":\"5.8.1\",\"meta\":{\"modelName\":\"User\",\"target\":\"User_userName_key\"}}","timestamp":"2024-01-22T07:43:35.361Z"}
{"level":"error","message":"{\"name\":\"PrismaClientKnownRequestError\",\"code\":\"P2002\",\"clientVersion\":\"5.8.1\",\"meta\":{\"modelName\":\"User\",\"target\":\"User_userName_key\"}}","timestamp":"2024-01-22T07:43:41.222Z"}
{"level":"error","message":"{\"name\":\"PrismaClientKnownRequestError\",\"code\":\"P2002\",\"clientVersion\":\"5.8.1\",\"meta\":{\"modelName\":\"User\",\"target\":\"User_userName_key\"}}","timestamp":"2024-01-22T07:43:48.392Z"}
{"level":"error","message":"{\"name\":\"PrismaClientKnownRequestError\",\"code\":\"P2002\",\"clientVersion\":\"5.8.1\",\"meta\":{\"modelName\":\"Restaurant\",\"target\":\"Restaurant_userId_key\"}}","timestamp":"2024-01-22T16:38:14.744Z"}
{"level":"error","message":"{\"name\":\"PrismaClientKnownRequestError\",\"code\":\"P2002\",\"clientVersion\":\"5.8.1\",\"meta\":{\"modelName\":\"Restaurant\",\"target\":\"Restaurant_userId_key\"}}","timestamp":"2024-01-22T17:47:20.749Z"}
{"level":"error","message":"{\"name\":\"PrismaClientKnownRequestError\",\"code\":\"P2002\",\"clientVersion\":\"5.8.1\",\"meta\":{\"modelName\":\"Restaurant\",\"target\":\"Restaurant_userId_key\"}}","timestamp":"2024-01-22T17:48:40.484Z"}
{"level":"error","message":"{\"name\":\"PrismaClientKnownRequestError\",\"code\":\"P2002\",\"clientVersion\":\"5.8.1\",\"meta\":{\"modelName\":\"Restaurant\",\"target\":\"Restaurant_userId_key\"}}","timestamp":"2024-01-22T17:50:14.417Z"}
{"level":"error","message":"{\"name\":\"PrismaClientKnownRequestError\",\"code\":\"P2002\",\"clientVersion\":\"5.8.1\",\"meta\":{\"modelName\":\"Restaurant\",\"target\":\"Restaurant_userId_key\"}}","timestamp":"2024-01-22T17:50:18.654Z"}
{"level":"error","message":"{\"name\":\"PrismaClientKnownRequestError\",\"code\":\"P2002\",\"clientVersion\":\"5.8.1\",\"meta\":{\"modelName\":\"Restaurant\",\"target\":\"Restaurant_userId_key\"}}","timestamp":"2024-01-22T17:50:44.719Z"}
{"level":"error","message":"{\"name\":\"PrismaClientKnownRequestError\",\"code\":\"P2002\",\"clientVersion\":\"5.8.1\",\"meta\":{\"modelName\":\"Restaurant\",\"target\":\"Restaurant_userId_key\"}}","timestamp":"2024-01-22T17:50:48.336Z"}
{"level":"error","message":"{\"name\":\"PrismaClientKnownRequestError\",\"code\":\"P2002\",\"clientVersion\":\"5.8.1\",\"meta\":{\"modelName\":\"Restaurant\",\"target\":\"Restaurant_userId_key\"}}","timestamp":"2024-01-22T17:51:54.487Z"}
{"level":"error","message":"{\"name\":\"PrismaClientKnownRequestError\",\"code\":\"P2002\",\"clientVersion\":\"5.8.1\",\"meta\":{\"modelName\":\"Restaurant\",\"target\":\"Restaurant_userId_key\"}}","timestamp":"2024-01-22T17:54:08.778Z"}
{"level":"error","message":"{\"name\":\"PrismaClientKnownRequestError\",\"code\":\"P2002\",\"clientVersion\":\"5.8.1\",\"meta\":{\"modelName\":\"Restaurant\",\"target\":\"Restaurant_userId_key\"}}","timestamp":"2024-01-22T17:54:39.150Z"}
{"level":"error","message":"{\"name\":\"PrismaClientKnownRequestError\",\"code\":\"P2002\",\"clientVersion\":\"5.8.1\",\"meta\":{\"modelName\":\"Restaurant\",\"target\":\"Restaurant_userId_key\"}}","timestamp":"2024-01-22T17:56:12.945Z"}
{"level":"error","message":"{\"name\":\"PrismaClientKnownRequestError\",\"code\":\"P2002\",\"clientVersion\":\"5.8.1\",\"meta\":{\"modelName\":\"Restaurant\",\"target\":\"Restaurant_userId_key\"}}","timestamp":"2024-01-22T18:06:54.410Z"}
{"level":"error","message":"{\"name\":\"PrismaClientKnownRequestError\",\"code\":\"P2002\",\"clientVersion\":\"5.8.1\",\"meta\":{\"modelName\":\"Restaurant\",\"target\":\"Restaurant_userId_key\"}}","timestamp":"2024-01-22T18:07:23.647Z"}
{"level":"error","message":"{\"name\":\"PrismaClientKnownRequestError\",\"code\":\"P2002\",\"clientVersion\":\"5.8.1\",\"meta\":{\"modelName\":\"Restaurant\",\"target\":\"Restaurant_userId_key\"}}","timestamp":"2024-01-22T18:08:04.632Z"}
{"level":"error","message":"{\"name\":\"PrismaClientKnownRequestError\",\"code\":\"P2002\",\"clientVersion\":\"5.8.1\",\"meta\":{\"modelName\":\"Restaurant\",\"target\":\"Restaurant_userId_key\"}}","timestamp":"2024-01-22T18:08:16.750Z"}
{"level":"error","message":"{\"name\":\"PrismaClientKnownRequestError\",\"code\":\"P2002\",\"clientVersion\":\"5.8.1\",\"meta\":{\"modelName\":\"Restaurant\",\"target\":\"Restaurant_userId_key\"}}","timestamp":"2024-01-22T18:08:30.098Z"}
{"level":"error","message":"{\"name\":\"PrismaClientKnownRequestError\",\"code\":\"P2002\",\"clientVersion\":\"5.8.1\",\"meta\":{\"modelName\":\"Restaurant\",\"target\":\"Restaurant_userId_key\"}}","timestamp":"2024-01-22T18:09:19.107Z"}
{"level":"error","message":"{\"name\":\"PrismaClientKnownRequestError\",\"code\":\"P2002\",\"clientVersion\":\"5.8.1\",\"meta\":{\"modelName\":\"Restaurant\",\"target\":\"Restaurant_userId_key\"}}","timestamp":"2024-01-22T18:09:33.514Z"}
{"level":"error","message":"{\"name\":\"PrismaClientKnownRequestError\",\"code\":\"P2002\",\"clientVersion\":\"5.8.1\",\"meta\":{\"modelName\":\"Restaurant\",\"target\":\"Restaurant_userId_key\"}}","timestamp":"2024-01-22T19:11:41.104Z"}
